c:\users\jalil raziel\source\repos\copilador _jalil\dll\intermediate\x64\debug\vc141.pdb
c:\users\jalil raziel\source\repos\copilador _jalil\dll\intermediate\x64\debug\token.obj
c:\users\jalil raziel\source\repos\copilador _jalil\dll\intermediate\x64\debug\manager.obj
c:\users\jalil raziel\source\repos\copilador _jalil\dll\intermediate\x64\debug\lexanalyzer.obj
c:\users\jalil raziel\source\repos\copilador _jalil\dll\intermediate\x64\debug\errorsmodule.obj
c:\users\jalil raziel\source\repos\copilador _jalil\dll\intermediate\x64\debug\ctabsym.obj
c:\users\jalil raziel\source\repos\copilador _jalil\dll\intermediate\x64\debug\copilercore.obj
c:\users\jalil raziel\source\repos\copilador _jalil\dll\intermediate\x64\debug\clocalnode.obj
c:\users\jalil raziel\source\repos\copilador _jalil\dll\intermediate\x64\debug\cglobalnode.obj
c:\users\jalil raziel\source\repos\copilador _jalil\dll\intermediate\x64\debug\assemblyinfo.obj
c:\users\jalil raziel\source\repos\copilador _jalil\dll\intermediate\x64\debug\.netframework,version=v4.6.1.assemblyattributes.obj
c:\users\jalil raziel\source\repos\copilador _jalil\dll\intermediate\x64\debug\.netframework,version=v4.6.1.assemblyattributes.asm
c:\users\jalil raziel\source\repos\copilador _jalil\dll\binaries\x64\debug\copilercore.dll
c:\users\jalil raziel\source\repos\copilador _jalil\dll\binaries\x64\debug\copilercore.pdb
c:\users\jalil raziel\source\repos\copilador _jalil\dll\intermediate\x64\debug\app.res
c:\users\jalil raziel\source\repos\copilador _jalil\dll\intermediate\x64\debug\copilercore.tlog\cl.command.1.tlog
c:\users\jalil raziel\source\repos\copilador _jalil\dll\intermediate\x64\debug\copilercore.tlog\cl.read.1.tlog
c:\users\jalil raziel\source\repos\copilador _jalil\dll\intermediate\x64\debug\copilercore.tlog\cl.write.1.tlog
c:\users\jalil raziel\source\repos\copilador _jalil\dll\intermediate\x64\debug\copilercore.tlog\link.command.1.tlog
c:\users\jalil raziel\source\repos\copilador _jalil\dll\intermediate\x64\debug\copilercore.tlog\link.read.1.tlog
c:\users\jalil raziel\source\repos\copilador _jalil\dll\intermediate\x64\debug\copilercore.tlog\link.write.1.tlog
c:\users\jalil raziel\source\repos\copilador _jalil\dll\intermediate\x64\debug\copilercore.tlog\metagen.read.1.tlog
c:\users\jalil raziel\source\repos\copilador _jalil\dll\intermediate\x64\debug\copilercore.tlog\metagen.write.1.tlog
c:\users\jalil raziel\source\repos\copilador _jalil\dll\intermediate\x64\debug\copilercore.tlog\rc.command.1.tlog
c:\users\jalil raziel\source\repos\copilador _jalil\dll\intermediate\x64\debug\copilercore.tlog\rc.read.1.tlog
c:\users\jalil raziel\source\repos\copilador _jalil\dll\intermediate\x64\debug\copilercore.tlog\rc.write.1.tlog
