c:\users\jalil raziel\source\repos\copilador\dll\intermediate\x86\debug\copilercore.pch
c:\users\jalil raziel\source\repos\copilador\dll\intermediate\x86\debug\vc141.pdb
c:\users\jalil raziel\source\repos\copilador\dll\intermediate\x86\debug\stdafx.obj
c:\users\jalil raziel\source\repos\copilador\dll\intermediate\x86\debug\manager.obj
c:\users\jalil raziel\source\repos\copilador\dll\intermediate\x86\debug\errorsmodule.obj
c:\users\jalil raziel\source\repos\copilador\dll\intermediate\x86\debug\ctabsym.obj
c:\users\jalil raziel\source\repos\copilador\dll\intermediate\x86\debug\copilercore.obj
c:\users\jalil raziel\source\repos\copilador\dll\intermediate\x86\debug\clocalnode.obj
c:\users\jalil raziel\source\repos\copilador\dll\intermediate\x86\debug\cglobalnode.obj
c:\users\jalil raziel\source\repos\copilador\dll\intermediate\x86\debug\assemblyinfo.obj
c:\users\jalil raziel\source\repos\copilador\dll\intermediate\x86\debug\.netframework,version=v4.6.1.assemblyattributes.obj
c:\users\jalil raziel\source\repos\copilador\dll\intermediate\x86\debug\.netframework,version=v4.6.1.assemblyattributes.asm
c:\users\jalil raziel\source\repos\copilador\dll\intermediate\x86\debug\app.res
c:\users\jalil raziel\source\repos\copilador\dll\binaries\x86\debug\copilercore.pdb
c:\users\jalil raziel\source\repos\copilador\dll\intermediate\x86\debug\copilercore.tlog\cl.command.1.tlog
c:\users\jalil raziel\source\repos\copilador\dll\intermediate\x86\debug\copilercore.tlog\cl.read.1.tlog
c:\users\jalil raziel\source\repos\copilador\dll\intermediate\x86\debug\copilercore.tlog\cl.write.1.tlog
c:\users\jalil raziel\source\repos\copilador\dll\intermediate\x86\debug\copilercore.tlog\link.18180-cvtres.read.1.tlog
c:\users\jalil raziel\source\repos\copilador\dll\intermediate\x86\debug\copilercore.tlog\link.18180-cvtres.write.1.tlog
c:\users\jalil raziel\source\repos\copilador\dll\intermediate\x86\debug\copilercore.tlog\link.18180-rc.read.1.tlog
c:\users\jalil raziel\source\repos\copilador\dll\intermediate\x86\debug\copilercore.tlog\link.18180-rc.write.1.tlog
c:\users\jalil raziel\source\repos\copilador\dll\intermediate\x86\debug\copilercore.tlog\link.18180.read.1.tlog
c:\users\jalil raziel\source\repos\copilador\dll\intermediate\x86\debug\copilercore.tlog\link.18180.write.1.tlog
c:\users\jalil raziel\source\repos\copilador\dll\intermediate\x86\debug\copilercore.tlog\link.command.1.tlog
c:\users\jalil raziel\source\repos\copilador\dll\intermediate\x86\debug\copilercore.tlog\link.read.1.tlog
c:\users\jalil raziel\source\repos\copilador\dll\intermediate\x86\debug\copilercore.tlog\link.write.1.tlog
c:\users\jalil raziel\source\repos\copilador\dll\intermediate\x86\debug\copilercore.tlog\metagen.read.1.tlog
c:\users\jalil raziel\source\repos\copilador\dll\intermediate\x86\debug\copilercore.tlog\metagen.write.1.tlog
c:\users\jalil raziel\source\repos\copilador\dll\intermediate\x86\debug\copilercore.tlog\rc.command.1.tlog
c:\users\jalil raziel\source\repos\copilador\dll\intermediate\x86\debug\copilercore.tlog\rc.read.1.tlog
c:\users\jalil raziel\source\repos\copilador\dll\intermediate\x86\debug\copilercore.tlog\rc.write.1.tlog
